2018-12-21 22:43:55 INFO  Main:15 - Welcome !
2018-12-21 22:43:55 INFO  Main:15 - 
Which game do you wanna play ?
2018-12-21 22:43:55 INFO  Main:15 - 1 - HigherLower
2018-12-21 22:43:55 INFO  Main:15 - 2 - Mastermind
2018-12-21 22:45:05 INFO  Main:15 - Welcome !
2018-12-21 22:45:05 INFO  Main:15 - 
Which game do you wanna play ?
2018-12-21 22:45:05 INFO  Main:15 - 1 - HigherLower
2018-12-21 22:45:05 INFO  Main:15 - 2 - Mastermind
---------------------
2018-12-21 22:52:20 INFO  category:13 - ---------------------
2018-12-21 22:52:20 INFO  Main:19 - Welcome !
2018-12-21 22:52:20 INFO  Main:19 - 
Which game do you wanna play ?
2018-12-21 22:52:20 INFO  Main:19 - 1 - HigherLower
2018-12-21 22:52:20 INFO  Main:19 - 2 - Mastermind
------------------------------------------
2018-12-21 22:53:03 INFO  category:13 - ------------------------------------------
2018-12-21 22:53:03 INFO  Main:19 - Welcome !
2018-12-21 22:53:03 INFO  Main:19 - 
Which game do you wanna play ?
2018-12-21 22:53:03 INFO  Main:19 - 1 - HigherLower
2018-12-21 22:53:03 INFO  Main:19 - 2 - Mastermind
2018-12-21 22:54:50 INFO  file0:13 - ------------------------------------------
2018-12-21 22:54:50 INFO  Main:19 - Welcome !
2018-12-21 22:54:50 INFO  Main:19 - 
Which game do you wanna play ?
2018-12-21 22:54:50 INFO  Main:19 - 1 - HigherLower
2018-12-21 22:54:50 INFO  Main:19 - 2 - Mastermind
2018-12-21 22:56:38 INFO  file0:13 - ------------------------------------------
2018-12-21 22:56:38 INFO  Main:19 - Welcome !
2018-12-21 22:56:38 INFO  Main:19 - 
Which game do you wanna play ?
2018-12-21 22:56:38 INFO  Main:19 - 1 - HigherLower
2018-12-21 22:56:38 INFO  Main:19 - 2 - Mastermind
2018-12-21 22:58:07 INFO  file0:13 - ------------------------------------------
2018-12-21 22:58:07 INFO  Main:19 - Welcome !
2018-12-21 22:58:07 INFO  Main:19 - 
Which game do you wanna play ?
2018-12-21 22:58:07 INFO  Main:19 - 1 - HigherLower
2018-12-21 22:58:07 INFO  Main:19 - 2 - Mastermind
2018-12-21 22:58:47 INFO  category:13 - ------------------------------------------
2018-12-21 22:58:47 INFO  Main:19 - Welcome !
2018-12-21 22:58:47 INFO  Main:19 - 
Which game do you wanna play ?
2018-12-21 22:58:47 INFO  Main:19 - 1 - HigherLower
2018-12-21 22:58:47 INFO  Main:19 - 2 - Mastermind
------------------------------------------
2018-12-21 22:59:05 INFO  category:13 - ------------------------------------------
2018-12-21 22:59:05 INFO  Main:19 - Welcome !
2018-12-21 22:59:05 INFO  Main:19 - 
Which game do you wanna play ?
2018-12-21 22:59:05 INFO  Main:19 - 1 - HigherLower
2018-12-21 22:59:05 INFO  Main:19 - 2 - Mastermind
------------------------------------------
2018-12-22 17:01:43 INFO  category:13 - ------------------------------------------
2018-12-22 17:01:43 INFO  Main:19 - Welcome !
2018-12-22 17:01:43 INFO  Main:19 - 
Which game do you wanna play ?
2018-12-22 17:01:43 INFO  Main:19 - 1 - HigherLower
2018-12-22 17:01:43 INFO  Main:19 - 2 - Mastermind
2019-01-04 22:27:16 INFO  Main:16 - Welcome !
2019-01-04 22:27:16 INFO  Main:16 - 
Which game do you wanna play ?
2019-01-04 22:27:16 INFO  Main:16 - 1 - HigherLower
2019-01-04 22:27:16 INFO  Main:16 - 2 - Mastermind
2019-01-16 21:53:41 INFO  Main:16 - Welcome !
2019-01-16 21:53:41 INFO  Main:16 - 
Do you wanna enable the Developer Mode ?
2019-01-16 21:53:43 INFO  Main:16 - 
Which game do you wanna play ?
2019-01-16 21:53:43 INFO  Main:16 - 1 - HigherLower
2019-01-16 21:53:43 INFO  Main:16 - 2 - Mastermind
2019-01-16 21:53:48 INFO  Main:16 - Welcome !
2019-01-16 21:53:48 INFO  Main:16 - 
Do you wanna enable the Developer Mode ?
2019-01-16 21:53:49 INFO  Main:16 - 
Which game do you wanna play ?
2019-01-16 21:53:49 INFO  Main:16 - 1 - HigherLower
2019-01-16 21:53:49 INFO  Main:16 - 2 - Mastermind
